2025-12-29T17:24:15.368Z - Uploading: 36490521-4f98-404a-aad1-583bd8efd7eb.svg (girl-influencer-using-social-media.svg, 36359 bytes) to G:\AzurSolution\Website Project Azursol\@hani136\New folder\public\uploads\36490521-4f98-404a-aad1-583bd8efd7eb.svg
2025-12-29T18:26:23.667Z - Uploading: 5ec21a5b-c7a6-4d7a-98df-8db0d3e9742a.svg (girl-influencer-using-social-media.svg, 36359 bytes) to G:\AzurSolution\Website Project Azursol\@hani136\New folder\public\uploads\5ec21a5b-c7a6-4d7a-98df-8db0d3e9742a.svg
2025-12-29T19:33:40.734Z - Uploading: 0ac09b54-e144-4dfa-beca-74cbf9e770ff.svg (girl-influencer-using-social-media.svg, 36359 bytes) to G:\AzurSolution\Website Project Azursol\@hani136\New folder\public\uploads\0ac09b54-e144-4dfa-beca-74cbf9e770ff.svg
2025-12-29T19:39:20.489Z - Uploading: 4d6c865c-3766-4506-8b14-f30df4400d49.svg (girl-influencer-using-social-media.svg, 36359 bytes) to G:\AzurSolution\Website Project Azursol\@hani136\New folder\public\uploads\4d6c865c-3766-4506-8b14-f30df4400d49.svg
2025-12-29T19:43:40.309Z - Uploading: dcd998bd-e7b3-4f3b-a0e2-8e6bdf6a4689.jpg (dummy-test.jpg, 18 bytes) to G:\AzurSolution\Website Project Azursol\@hani136\New folder\public\uploads\dcd998bd-e7b3-4f3b-a0e2-8e6bdf6a4689.jpg
2025-12-30T00:55:55.785Z - Uploading: 223e9285-0a47-4be6-ad22-80c3ac282747.svg (girl-influencer-using-social-media.svg, 36359 bytes) to G:\AzurSolution\Website Project Azursol\@hani136\New folder\public\uploads\223e9285-0a47-4be6-ad22-80c3ac282747.svg
2026-01-01T06:30:30.933Z - Uploading: fbbd541a-40c2-4876-b096-40b5da727c40.PNG (logo.PNG, 1350 bytes) to G:\AzurSolution\Website Project Azursol\@hani136\New folder\public\uploads\fbbd541a-40c2-4876-b096-40b5da727c40.PNG
2026-01-01T06:31:26.791Z - Uploading: 427f2ec7-27a5-4963-a0b5-e32b6498d97a.svg (girl-influencer-using-social-media.svg, 36359 bytes) to G:\AzurSolution\Website Project Azursol\@hani136\New folder\public\uploads\427f2ec7-27a5-4963-a0b5-e32b6498d97a.svg
2026-01-04T02:39:16.553Z - Uploading: 045da515-cc73-4f50-8ca5-265df9bdd61a.svg (girl-influencer-using-social-media.svg, 36359 bytes) to G:\AzurSolution\Website Project Azursol\@hani136\New folder\public\uploads\045da515-cc73-4f50-8ca5-265df9bdd61a.svg
2026-01-04T15:00:16.787Z - Uploading: 48ba1d4a-dc2c-4619-a45f-fcc3d35c8b29.svg (girl-influencer-using-social-media.svg, 36359 bytes) to G:\AzurSolution\Website Project Azursol\@hani136\New folder\public\uploads\48ba1d4a-dc2c-4619-a45f-fcc3d35c8b29.svg
2026-01-04T15:02:50.522Z - Uploading: 7f317d28-5a65-455c-a769-e5e7fe22157d.png (businesswoman-receiving-best-award.png, 65036 bytes) to G:\AzurSolution\Website Project Azursol\@hani136\New folder\public\uploads\7f317d28-5a65-455c-a769-e5e7fe22157d.png
2026-01-05T00:45:03.140Z - Uploading: 5f333d29-61e4-4593-a63f-067561947e41.png (businesswoman-receiving-best-award.png, 65036 bytes) to G:\AzurSolution\Website Project Azursol\@hani136\New folder\public\uploads\5f333d29-61e4-4593-a63f-067561947e41.png
2026-01-05T00:47:28.294Z - Uploading: 633f8978-b0d4-4c53-9b46-7dc70e0b9289.png (businesswoman-receiving-best-award.png, 65036 bytes) to G:\AzurSolution\Website Project Azursol\@hani136\New folder\public\uploads\633f8978-b0d4-4c53-9b46-7dc70e0b9289.png
2026-01-05T00:49:53.830Z - Uploading: 3f729209-0646-4235-af58-54396d71be45.png (businesswoman-receiving-best-award.png, 65036 bytes) to G:\AzurSolution\Website Project Azursol\@hani136\New folder\public\uploads\3f729209-0646-4235-af58-54396d71be45.png
2026-01-05T00:54:03.079Z - Uploading: 52268096-7970-4ab2-ad08-a5e4e46d16df.png (businesswoman-receiving-best-award.png, 65036 bytes) to G:\AzurSolution\Website Project Azursol\@hani136\New folder\public\uploads\52268096-7970-4ab2-ad08-a5e4e46d16df.png
2026-01-05T01:30:03.844Z - Uploading: 9e7fa3c5-05ea-4913-810f-65d8cfe80258.png (businesswoman-receiving-best-award.png, 65036 bytes) to G:\AzurSolution\Website Project Azursol\@hani136\New folder\public\uploads\9e7fa3c5-05ea-4913-810f-65d8cfe80258.png
2026-01-05T01:30:06.845Z - Uploading: 6ffaa812-19e3-4097-aab3-3253bd4a5bed.png (businesswoman-receiving-best-award.png, 65036 bytes) to G:\AzurSolution\Website Project Azursol\@hani136\New folder\public\uploads\6ffaa812-19e3-4097-aab3-3253bd4a5bed.png
2026-01-09T13:20:35.882Z - Uploading: db894187-b522-4bff-8bdc-3be4c8a7c2d9.PNG (logo.PNG, 1208 bytes) to G:\AzurSolution\Website Project Azursol\@hani136\New folder\public\uploads\db894187-b522-4bff-8bdc-3be4c8a7c2d9.PNG
2026-01-09T13:25:20.390Z - Uploading: 263cbabd-f4c0-4f03-bac4-4404010965c8.PNG (logo.PNG, 1208 bytes) to G:\AzurSolution\Website Project Azursol\@hani136\New folder\public\uploads\263cbabd-f4c0-4f03-bac4-4404010965c8.PNG
2026-01-09T13:25:26.088Z - Uploading: 34763f1b-dd8c-4f38-a4df-691279d95bfc.PNG (logo.PNG, 1208 bytes) to G:\AzurSolution\Website Project Azursol\@hani136\New folder\public\uploads\34763f1b-dd8c-4f38-a4df-691279d95bfc.PNG
2026-01-10T08:44:23.296Z - Uploading: 41d4c302-ff68-4827-adad-7c17b0c51339.svg (Likesio Main Logo Transparent bg.svg, 78437 bytes) to G:\AzurSolution\Website Project Azursol\@hani136\New folder\public\uploads\41d4c302-ff68-4827-adad-7c17b0c51339.svg
2026-01-10T08:44:28.164Z - Uploading: 16a0335c-f411-466b-968e-9e7bf681a651.ico (favicon.ico, 15406 bytes) to G:\AzurSolution\Website Project Azursol\@hani136\New folder\public\uploads\16a0335c-f411-466b-968e-9e7bf681a651.ico
2026-01-10T08:44:34.313Z - Uploading: 795cfab1-d428-413e-b30e-533faa08e9bf.svg (Likesio Main Logo Transparent bg.svg, 78437 bytes) to G:\AzurSolution\Website Project Azursol\@hani136\New folder\public\uploads\795cfab1-d428-413e-b30e-533faa08e9bf.svg
2026-01-10T19:02:12.615Z - Uploading: 642b6523-155a-4242-8f7d-72ede5803577.jpg (a900461c-c477-4d0a-a6da-f678f047a102.jpg, 124638 bytes) to D:\sohaib\likes-io\public\uploads\642b6523-155a-4242-8f7d-72ede5803577.jpg
2026-01-10T19:15:36.937Z - Uploading: da6bcbb3-04c1-4ad8-8dd7-8ece443eda03.jpg (a900461c-c477-4d0a-a6da-f678f047a102.jpg, 124638 bytes) to D:\sohaib\likes-io\public\uploads\da6bcbb3-04c1-4ad8-8dd7-8ece443eda03.jpg
